2021:01:17:22:18:37-INFO-Вибір способу внесення даних зроблено
2021:01:17:22:18:43-DEBUG-Файл test.xlsx  з вхідними даними зчитано та доданий розрахунок до таблиці з вхідними даними
2021:01:17:22:18:44-INFO-Файл test.xlsx зчитано та зібрано вхідні дані в списки
2021:01:17:22:18:44-INFO-Розрахунок рівнів впливу проведено
2021:01:17:22:18:44-DEBUG-Розрахунок рівнів впливу записано до файлу test.xlsx
2021:01:17:22:18:44-INFO-Розрахунок коефіцієнту рентабельності проведено
2021:01:17:22:18:44-DEBUG-Коефіцієнт рентабельності записано до файлу test.xlsx 
2021:01:17:22:18:44-INFO-Файл test.xlsx зчитано та зібрано оновлені дані в списки
2021:01:17:22:18:44-INFO-Розрахунок впливу факторів проведено
2021:01:17:22:18:44-DEBUG-Розрахунок впливу факторів записано до файлу test.xlsx
2021:01:17:22:18:44-DEBUG-Форматування файлу test.xlsx проведено
2021:01:17:22:18:44-DEBUG-Діаграма збережена до файлу test.xlsx
2021:01:17:22:19:36-INFO-Вибір способу внесення даних зроблено
2021:01:17:22:19:40-DEBUG-Вхідні дані завантажено
2021:01:17:22:20:17-DEBUG-Вхідні дані записано до файлу dd.xlsx 
2021:01:17:22:20:19-DEBUG-Файл dd.xlsx з записаними вхідними даними зчитано та доданий розрахунок до таблиці з вхідними даними
2021:01:17:22:20:21-INFO-Файл dd.xlsx зчитано та зібрано вхідні дані в списки
2021:01:17:22:20:21-INFO-Розрахунок рівнів впливу проведено
2021:01:17:22:20:21-DEBUG-Розрахунок рівнів впливу записано до файлу dd.xlsx
2021:01:17:22:20:21-INFO-Розрахунок коефіцієнту рентабельності проведено
2021:01:17:22:20:21-DEBUG-Коефіцієнт рентабельності записано до файлу dd.xlsx 
2021:01:17:22:20:21-INFO-Файл dd.xlsx зчитано та зібрано оновлені дані в списки
2021:01:17:22:20:21-INFO-Розрахунок впливу факторів проведено
2021:01:17:22:20:21-DEBUG-Розрахунок впливу факторів записано до файлу dd.xlsx
2021:01:17:22:20:21-DEBUG-Форматування файлу dd.xlsx проведено
2021:01:17:22:20:21-DEBUG-Діаграма збережена до файлу dd.xlsx
